# JRE version: OpenJDK Runtime Environment (8.0_242-b01) (build 1.8.0_242-release-1644-b01)
# Java VM: OpenJDK 64-Bit Server VM (25.242-b01 mixed mode windows-amd64 compressed oops)
Heap:
 PSYoungGen      total 542720K, used 112441K [0x00000000d5580000, 0x0000000100000000, 0x0000000100000000)
  eden space 501760K, 14% used [0x00000000d5580000,0x00000000d9b50028,0x00000000f3f80000)
  from space 40960K, 99% used [0x00000000f3f80000,0x00000000f677e618,0x00000000f6780000)
  to   space 55808K, 0% used [0x00000000fc980000,0x00000000fc980000,0x0000000100000000)
 ParOldGen       total 317952K, used 134680K [0x0000000080000000, 0x0000000093680000, 0x00000000d5580000)
  object space 317952K, 42% used [0x0000000080000000,0x0000000088386100,0x0000000093680000)
 Metaspace       used 101197K, capacity 106690K, committed 106996K, reserved 1144832K
  class space    used 13276K, capacity 14310K, committed 14384K, reserved 1048576K
GC Heap History (10 events):
Event: 1317.846 GC heap before
{Heap before GC invocations=23 (full 4):
 PSYoungGen      total 363520K, used 344566K [0x00000000d5580000, 0x00000000ee200000, 0x0000000100000000)
  eden space 322048K, 100% used [0x00000000d5580000,0x00000000e9000000,0x00000000e9000000)
  from space 41472K, 54% used [0x00000000eb980000,0x00000000ecf7dba0,0x00000000ee200000)
  to   space 41984K, 0% used [0x00000000e9000000,0x00000000e9000000,0x00000000eb900000)
 ParOldGen       total 317952K, used 81664K [0x0000000080000000, 0x0000000093680000, 0x00000000d5580000)
  object space 317952K, 25% used [0x0000000080000000,0x0000000084fc0020,0x0000000093680000)
 Metaspace       used 99212K, capacity 104560K, committed 104820K, reserved 1140736K
  class space    used 13180K, capacity 14163K, committed 14256K, reserved 1048576K
Event: 1317.859 GC heap after
Heap after GC invocations=23 (full 4):
 PSYoungGen      total 364032K, used 23463K [0x00000000d5580000, 0x00000000f3880000, 0x0000000100000000)
  eden space 322048K, 0% used [0x00000000d5580000,0x00000000d5580000,0x00000000e9000000)
  from space 41984K, 55% used [0x00000000e9000000,0x00000000ea6e9c60,0x00000000eb900000)
  to   space 40960K, 0% used [0x00000000f1080000,0x00000000f1080000,0x00000000f3880000)
 ParOldGen       total 317952K, used 81672K [0x0000000080000000, 0x0000000093680000, 0x00000000d5580000)
  object space 317952K, 25% used [0x0000000080000000,0x0000000084fc2020,0x0000000093680000)
 Metaspace       used 99212K, capacity 104560K, committed 104820K, reserved 1140736K
  class space    used 13180K, capacity 14163K, committed 14256K, reserved 1048576K
}
Event: 1318.289 GC heap before
{Heap before GC invocations=24 (full 4):
 PSYoungGen      total 364032K, used 345511K [0x00000000d5580000, 0x00000000f3880000, 0x0000000100000000)
  eden space 322048K, 100% used [0x00000000d5580000,0x00000000e9000000,0x00000000e9000000)
  from space 41984K, 55% used [0x00000000e9000000,0x00000000ea6e9c60,0x00000000eb900000)
  to   space 40960K, 0% used [0x00000000f1080000,0x00000000f1080000,0x00000000f3880000)
 ParOldGen       total 317952K, used 81672K [0x0000000080000000, 0x0000000093680000, 0x00000000d5580000)
  object space 317952K, 25% used [0x0000000080000000,0x0000000084fc2020,0x0000000093680000)
 Metaspace       used 99663K, capacity 105046K, committed 105332K, reserved 1140736K
  class space    used 13191K, capacity 14204K, committed 14256K, reserved 1048576K
Event: 1318.304 GC heap after
Heap after GC invocations=24 (full 4):
 PSYoungGen      total 445440K, used 6078K [0x00000000d5580000, 0x00000000f3500000, 0x0000000100000000)
  eden space 408064K, 0% used [0x00000000d5580000,0x00000000d5580000,0x00000000ee400000)
  from space 37376K, 16% used [0x00000000f1080000,0x00000000f166f8d8,0x00000000f3500000)
  to   space 41472K, 0% used [0x00000000ee400000,0x00000000ee400000,0x00000000f0c80000)
 ParOldGen       total 317952K, used 100492K [0x0000000080000000, 0x0000000093680000, 0x00000000d5580000)
  object space 317952K, 31% used [0x0000000080000000,0x00000000862232e0,0x0000000093680000)
 Metaspace       used 99663K, capacity 105046K, committed 105332K, reserved 1140736K
  class space    used 13191K, capacity 14204K, committed 14256K, reserved 1048576K
}
Event: 1318.796 GC heap before
{Heap before GC invocations=25 (full 4):
 PSYoungGen      total 445440K, used 414142K [0x00000000d5580000, 0x00000000f3500000, 0x0000000100000000)
  eden space 408064K, 100% used [0x00000000d5580000,0x00000000ee400000,0x00000000ee400000)
  from space 37376K, 16% used [0x00000000f1080000,0x00000000f166f8d8,0x00000000f3500000)
  to   space 41472K, 0% used [0x00000000ee400000,0x00000000ee400000,0x00000000f0c80000)
 ParOldGen       total 317952K, used 100492K [0x0000000080000000, 0x0000000093680000, 0x00000000d5580000)
  object space 317952K, 31% used [0x0000000080000000,0x00000000862232e0,0x0000000093680000)
 Metaspace       used 100002K, capacity 105430K, committed 105588K, reserved 1140736K
  class space    used 13199K, capacity 14206K, committed 14256K, reserved 1048576K
Event: 1318.805 GC heap after
Heap after GC invocations=25 (full 4):
 PSYoungGen      total 449536K, used 9152K [0x00000000d5580000, 0x00000000f9700000, 0x0000000100000000)
  eden space 408064K, 0% used [0x00000000d5580000,0x00000000d5580000,0x00000000ee400000)
  from space 41472K, 22% used [0x00000000ee400000,0x00000000eecf0228,0x00000000f0c80000)
  to   space 40960K, 0% used [0x00000000f6f00000,0x00000000f6f00000,0x00000000f9700000)
 ParOldGen       total 317952K, used 105897K [0x0000000080000000, 0x0000000093680000, 0x00000000d5580000)
  object space 317952K, 33% used [0x0000000080000000,0x000000008676a4e8,0x0000000093680000)
 Metaspace       used 100002K, capacity 105430K, committed 105588K, reserved 1140736K
  class space    used 13199K, capacity 14206K, committed 14256K, reserved 1048576K
}
Event: 1319.222 GC heap before
{Heap before GC invocations=26 (full 4):
 PSYoungGen      total 449536K, used 417216K [0x00000000d5580000, 0x00000000f9700000, 0x0000000100000000)
  eden space 408064K, 100% used [0x00000000d5580000,0x00000000ee400000,0x00000000ee400000)
  from space 41472K, 22% used [0x00000000ee400000,0x00000000eecf0228,0x00000000f0c80000)
  to   space 40960K, 0% used [0x00000000f6f00000,0x00000000f6f00000,0x00000000f9700000)
 ParOldGen       total 317952K, used 105897K [0x0000000080000000, 0x0000000093680000, 0x00000000d5580000)
  object space 317952K, 33% used [0x0000000080000000,0x000000008676a4e8,0x0000000093680000)
 Metaspace       used 100290K, capacity 105712K, committed 105844K, reserved 1140736K
  class space    used 13201K, capacity 14209K, committed 14256K, reserved 1048576K
Event: 1319.229 GC heap after
Heap after GC invocations=26 (full 4):
 PSYoungGen      total 535040K, used 4730K [0x00000000d5580000, 0x00000000f8f80000, 0x0000000100000000)
  eden space 501760K, 0% used [0x00000000d5580000,0x00000000d5580000,0x00000000f3f80000)
  from space 33280K, 14% used [0x00000000f6f00000,0x00000000f739e920,0x00000000f8f80000)
  to   space 40960K, 0% used [0x00000000f3f80000,0x00000000f3f80000,0x00000000f6780000)
 ParOldGen       total 317952K, used 112402K [0x0000000080000000, 0x0000000093680000, 0x00000000d5580000)
  object space 317952K, 35% used [0x0000000080000000,0x0000000086dc49e0,0x0000000093680000)
 Metaspace       used 100290K, capacity 105712K, committed 105844K, reserved 1140736K
  class space    used 13201K, capacity 14209K, committed 14256K, reserved 1048576K
}
Event: 1320.844 GC heap before
{Heap before GC invocations=27 (full 4):
 PSYoungGen      total 535040K, used 505119K [0x00000000d5580000, 0x00000000f8f80000, 0x0000000100000000)
  eden space 501760K, 99% used [0x00000000d5580000,0x00000000f3e295d0,0x00000000f3f80000)
  from space 33280K, 14% used [0x00000000f6f00000,0x00000000f739e920,0x00000000f8f80000)
  to   space 40960K, 0% used [0x00000000f3f80000,0x00000000f3f80000,0x00000000f6780000)
 ParOldGen       total 317952K, used 112402K [0x0000000080000000, 0x0000000093680000, 0x00000000d5580000)
  object space 317952K, 35% used [0x0000000080000000,0x0000000086dc49e0,0x0000000093680000)
 Metaspace       used 100657K, capacity 105992K, committed 106100K, reserved 1140736K
  class space    used 13202K, capacity 14209K, committed 14256K, reserved 1048576K
Event: 1320.875 GC heap after
Heap after GC invocations=27 (full 4):
 PSYoungGen      total 542720K, used 40953K [0x00000000d5580000, 0x0000000100000000, 0x0000000100000000)
  eden space 501760K, 0% used [0x00000000d5580000,0x00000000d5580000,0x00000000f3f80000)
  from space 40960K, 99% used [0x00000000f3f80000,0x00000000f677e618,0x00000000f6780000)
  to   space 55808K, 0% used [0x00000000fc980000,0x00000000fc980000,0x0000000100000000)
 ParOldGen       total 317952K, used 134680K [0x0000000080000000, 0x0000000093680000, 0x00000000d5580000)
  object space 317952K, 42% used [0x0000000080000000,0x0000000088386100,0x0000000093680000)
 Metaspace       used 100657K, capacity 105992K, committed 106100K, reserved 1140736K
  class space    used 13202K, capacity 14209K, committed 14256K, reserved 1048576K
}

